<?xml version="1.0" encoding="UTF-8"?>
<!-- Generated by org.testng.reporters.JUnitReportReporter -->
<testsuite hostname="Chandrahas" failures="0" tests="3" name="RahulShetty.Library" time="2.815" errors="0" timestamp="2024-11-15T00:12:18 IST" skipped="0">
  <testcase classname="RahulShetty.Library" name="AddBook" time="0.237"/>
  <testcase classname="RahulShetty.Library" name="AddBook" time="2.375"/>
  <testcase classname="RahulShetty.Library" name="AddBook" time="0.203"/>
</testsuite> <!-- RahulShetty.Library -->
