<?xml version="1.0" encoding="UTF-8"?>
<!-- Generated by org.testng.reporters.JUnitReportReporter -->
<testsuite hostname="Chandrahas" failures="0" tests="2" name="RahulShetty.JiraAPI" time="7.701" errors="0" timestamp="2024-11-16T00:15:17 IST" skipped="0">
  <testcase classname="RahulShetty.JiraAPI" name="createBug" time="5.533"/>
  <testcase classname="RahulShetty.JiraAPI" name="attachScreenshot" time="2.168"/>
</testsuite> <!-- RahulShetty.JiraAPI -->
